Using pre-set license
Built from '2020.2/release' branch; Version is '2020.2.1f1 (270dd8c3da1c) revision 2559448'; Using compiler version '192528614'; Build Type 'Release'
OS: 'Windows 10  (10.0.0) 64bit' Language: 'en' Physical Memory: 10178 MB
BatchMode: 1, IsHumanControllingUs: 0, StartBugReporterOnCrash: 0, Is64bit: 1, IsPro: 0

 COMMAND LINE ARGUMENTS:
C:\Program Files\Unity\2020.2.1f1\Editor\Unity.exe
-adb2
-batchMode
-noUpm
-name
AssetImportWorker0
-projectPath
C:/Users/Clark Dave/Desktop/CAPSTONE/CAPSTONE
-logFile
Logs/AssetImportWorker0.log
-srvPort
51898
Successfully changed project path to: C:/Users/Clark Dave/Desktop/CAPSTONE/CAPSTONE
C:/Users/Clark Dave/Desktop/CAPSTONE/CAPSTONE
Using Asset Import Pipeline V2.
Refreshing native plugins compatible for Editor in 86.50 ms, found 0 plugins.
Preloading 0 native plugins for Editor in 0.00 ms.
Initialize engine version: 2020.2.1f1 (270dd8c3da1c)
[Subsystems] Discovering subsystems at path C:/Program Files/Unity/2020.2.1f1/Editor/Data/Resources/UnitySubsystems
[Subsystems] Discovering subsystems at path C:/Users/Clark Dave/Desktop/CAPSTONE/CAPSTONE/Assets
GfxDevice: creating device client; threaded=0
Direct3D:
    Version:  Direct3D 11.0 [level 11.1]
    Renderer: AMD Radeon(TM) Vega 8 Graphics (ID=0x15d8)
    Vendor:   
    VRAM:     5089 MB
    Driver:   26.20.11028.1002
Initialize mono
Mono path[0] = 'C:/Program Files/Unity/2020.2.1f1/Editor/Data/Managed'
Mono path[1] = 'C:/Program Files/Unity/2020.2.1f1/Editor/Data/MonoBleedingEdge/lib/mono/unityjit'
Mono config path = 'C:/Program Files/Unity/2020.2.1f1/Editor/Data/MonoBleedingEdge/etc'
Using monoOptions --debugger-agent=transport=dt_socket,embedding=1,server=y,suspend=n,address=127.0.0.1:56368
Begin MonoManager ReloadAssembly
Registering precompiled unity dll's ...
Register platform support module: C:/Program Files/Unity/2020.2.1f1/Editor/Data/PlaybackEngines/WindowsStandaloneSupport/UnityEditor.WindowsStandalone.Extensions.dll
Registered in 0.004811 seconds.
Native extension for WindowsStandalone target not found
Refreshing native plugins compatible for Editor in 63.16 ms, found 0 plugins.
Preloading 0 native plugins for Editor in 0.00 ms.
Invoked RoslynAnalysisRunner static constructor.
RoslynAnalysisRunner will not be running.
RoslynAnalysisRunner has terminated.
Mono: successfully reloaded assembly
- Completed reload, in  3.761 seconds
Platform modules already initialized, skipping
Registering precompiled user dll's ...
Registered in 0.002113 seconds.
Begin MonoManager ReloadAssembly
Native extension for WindowsStandalone target not found
Refreshing native plugins compatible for Editor in 1.23 ms, found 0 plugins.
Preloading 0 native plugins for Editor in 0.00 ms.
Invoked RoslynAnalysisRunner static constructor.
RoslynAnalysisRunner will not be running.
RoslynAnalysisRunner has terminated.
Mono: successfully reloaded assembly
- Completed reload, in  2.641 seconds
Platform modules already initialized, skipping
========================================================================
Worker process is ready to serve import requests
Launched and connected shader compiler UnityShaderCompiler.exe after 0.25 seconds
Refreshing native plugins compatible for Editor in 0.69 ms, found 0 plugins.
Preloading 0 native plugins for Editor in 0.00 ms.
Unloading 1446 Unused Serialized files (Serialized files now loaded: 0)
System memory in use before: 74.1 MB.
System memory in use after: 74.2 MB.

Unloading 10 unused Assets to reduce memory usage. Loaded Objects now: 1917.
Total: 6.678400 ms (FindLiveObjects: 0.664400 ms CreateObjectMapping: 0.201800 ms MarkObjects: 5.576900 ms  DeleteObjects: 0.229300 ms)

========================================================================
Received Import Request.
  path: Assets/Scripts/Database.cs
  artifactKey: Guid(b0507f5f8ca95ea42be286aadb56f2b5) Importer(815301076,1909f56bfc062723c751e8b465ee728b)
Start importing Assets/Scripts/Database.cs using Guid(b0507f5f8ca95ea42be286aadb56f2b5) Importer(815301076,1909f56bfc062723c751e8b465ee728b)  -> (artifact id: 'fd1dc819c3036e2b376129848c34a9fb') in 0.223971 seconds
  Import took 0.241349 seconds .

========================================================================
Received Import Request.
  Time since last request: 0.027048 seconds.
  path: Assets/Scripts/ButtonManager.cs
  artifactKey: Guid(6d9337ec0c5476a47bc46f49108e5686) Importer(815301076,1909f56bfc062723c751e8b465ee728b)
Start importing Assets/Scripts/ButtonManager.cs using Guid(6d9337ec0c5476a47bc46f49108e5686) Importer(815301076,1909f56bfc062723c751e8b465ee728b)  -> (artifact id: 'b2a6e0ca5d2ddd6873ccfd14a43f2d9a') in 0.132668 seconds
  Import took 0.183324 seconds .

========================================================================
Received Import Request.
  Time since last request: 0.000597 seconds.
  path: Assets/Scripts/UIManager.cs
  artifactKey: Guid(5e8bf8bb2b898b94bac2385a5d428364) Importer(815301076,1909f56bfc062723c751e8b465ee728b)
Start importing Assets/Scripts/UIManager.cs using Guid(5e8bf8bb2b898b94bac2385a5d428364) Importer(815301076,1909f56bfc062723c751e8b465ee728b)  -> (artifact id: 'dce4c855c7ccf34804e663b18ddd2622') in 0.121432 seconds
  Import took 0.138270 seconds .

========================================================================
Received Prepare
Registering precompiled user dll's ...
Registered in 0.001910 seconds.
Begin MonoManager ReloadAssembly
Native extension for WindowsStandalone target not found
Refreshing native plugins compatible for Editor in 1.19 ms, found 0 plugins.
Preloading 0 native plugins for Editor in 0.00 ms.
Invoked RoslynAnalysisRunner static constructor.
RoslynAnalysisRunner will not be running.
RoslynAnalysisRunner has terminated.
Mono: successfully reloaded assembly
- Completed reload, in  2.064 seconds
Platform modules already initialized, skipping
Refreshing native plugins compatible for Editor in 0.71 ms, found 0 plugins.
Preloading 0 native plugins for Editor in 0.00 ms.
Unloading 1438 Unused Serialized files (Serialized files now loaded: 0)
System memory in use before: 74.0 MB.
System memory in use after: 74.1 MB.

Unloading 6 unused Assets to reduce memory usage. Loaded Objects now: 1920.
Total: 4.886100 ms (FindLiveObjects: 0.596100 ms CreateObjectMapping: 0.135000 ms MarkObjects: 4.062700 ms  DeleteObjects: 0.088300 ms)

========================================================================
Received Import Request.
  Time since last request: 156.560254 seconds.
  path: Assets/Scripts/UIManager.cs
  artifactKey: Guid(5e8bf8bb2b898b94bac2385a5d428364) Importer(815301076,1909f56bfc062723c751e8b465ee728b)
Start importing Assets/Scripts/UIManager.cs using Guid(5e8bf8bb2b898b94bac2385a5d428364) Importer(815301076,1909f56bfc062723c751e8b465ee728b)  -> (artifact id: '7bf4568a6aec9f385eaebe80ffcd2043') in 0.024108 seconds
  Import took 0.051786 seconds .

========================================================================
Received Import Request.
  Time since last request: 1.705785 seconds.
  path: Assets/Scripts/ScrollManager.cs
  artifactKey: Guid(2aad75000f3f1a74eaaf389908d01a31) Importer(815301076,1909f56bfc062723c751e8b465ee728b)
Start importing Assets/Scripts/ScrollManager.cs using Guid(2aad75000f3f1a74eaaf389908d01a31) Importer(815301076,1909f56bfc062723c751e8b465ee728b)  -> (artifact id: 'ad9a27862bd8cd1283f70c3e2a4bd873') in 0.020857 seconds
  Import took 0.071240 seconds .

========================================================================
Received Import Request.
  Time since last request: 0.001530 seconds.
  path: Assets/Scripts/ScrollManager.cs
  artifactKey: Guid(2aad75000f3f1a74eaaf389908d01a31) Importer(815301076,1909f56bfc062723c751e8b465ee728b)
Start importing Assets/Scripts/ScrollManager.cs using Guid(2aad75000f3f1a74eaaf389908d01a31) Importer(815301076,1909f56bfc062723c751e8b465ee728b)  -> (artifact id: 'ad9a27862bd8cd1283f70c3e2a4bd873') in 0.012682 seconds
  Import took 0.018443 seconds .

========================================================================
Received Import Request.
  Time since last request: 1.042694 seconds.
  path: Assets/Scripts/WorldSpacePanelScript.cs
  artifactKey: Guid(84d09d77141b04e42a7a7f213f5a4dc1) Importer(815301076,1909f56bfc062723c751e8b465ee728b)
Start importing Assets/Scripts/WorldSpacePanelScript.cs using Guid(84d09d77141b04e42a7a7f213f5a4dc1) Importer(815301076,1909f56bfc062723c751e8b465ee728b)  -> (artifact id: '578c87833f225a7fd5148bdd05a32602') in 0.045686 seconds
  Import took 0.077646 seconds .

========================================================================
Received Import Request.
  Time since last request: 0.001740 seconds.
  path: Assets/Scripts/WorldSpacePanelScript.cs
  artifactKey: Guid(84d09d77141b04e42a7a7f213f5a4dc1) Importer(815301076,1909f56bfc062723c751e8b465ee728b)
Start importing Assets/Scripts/WorldSpacePanelScript.cs using Guid(84d09d77141b04e42a7a7f213f5a4dc1) Importer(815301076,1909f56bfc062723c751e8b465ee728b)  -> (artifact id: '578c87833f225a7fd5148bdd05a32602') in 0.013090 seconds
  Import took 0.020344 seconds .

========================================================================
Received Import Request.
  Time since last request: 15.044141 seconds.
  path: Assets/Scripts/QuizController.cs
  artifactKey: Guid(7288a4430ed939a42a3a7698d86ff33c) Importer(815301076,1909f56bfc062723c751e8b465ee728b)
Start importing Assets/Scripts/QuizController.cs using Guid(7288a4430ed939a42a3a7698d86ff33c) Importer(815301076,1909f56bfc062723c751e8b465ee728b)  -> (artifact id: '71e0d288d3c78c88cbd3ff0b4da0a1e1') in 0.023255 seconds
  Import took 0.091421 seconds .

========================================================================
Received Import Request.
  Time since last request: 136.213723 seconds.
  path: Assets/Scripts/newID.cs
  artifactKey: Guid(b882aa414bb86f0448f17bdaa11c23c8) Importer(815301076,1909f56bfc062723c751e8b465ee728b)
Start importing Assets/Scripts/newID.cs using Guid(b882aa414bb86f0448f17bdaa11c23c8) Importer(815301076,1909f56bfc062723c751e8b465ee728b)  -> (artifact id: '35c0606c77a85b5e2ffe00a79c1e690e') in 0.027999 seconds
  Import took 0.055493 seconds .

========================================================================
Received Prepare
Registering precompiled user dll's ...
Registered in 0.002008 seconds.
Begin MonoManager ReloadAssembly
Native extension for WindowsStandalone target not found
Refreshing native plugins compatible for Editor in 0.81 ms, found 0 plugins.
Preloading 0 native plugins for Editor in 0.00 ms.
Invoked RoslynAnalysisRunner static constructor.
RoslynAnalysisRunner will not be running.
RoslynAnalysisRunner has terminated.
Mono: successfully reloaded assembly
- Completed reload, in  2.130 seconds
Platform modules already initialized, skipping
Refreshing native plugins compatible for Editor in 0.85 ms, found 0 plugins.
Preloading 0 native plugins for Editor in 0.00 ms.
Unloading 1439 Unused Serialized files (Serialized files now loaded: 0)
System memory in use before: 74.1 MB.
System memory in use after: 74.2 MB.

Unloading 6 unused Assets to reduce memory usage. Loaded Objects now: 1923.
Total: 7.292600 ms (FindLiveObjects: 1.669200 ms CreateObjectMapping: 0.607700 ms MarkObjects: 4.900500 ms  DeleteObjects: 0.110400 ms)

AssetImportWorkerClient::OnTransportError - code=2 error=End of file
